<?xml version="1.0" encoding="UTF-8"?>
<!-- Generated by org.testng.reporters.JUnitXMLReporter -->
<testsuite ignored="0" hostname="Saurabhs-Lenovo" failures="0" tests="3" name="Default test" time="6.854" errors="0" timestamp="2024-12-01T14:29:48 IST">
  <testcase classname="files.DynamicJson" name="addBook" time="5.963"/>
  <testcase classname="files.DynamicJson" name="addBook" time="0.324"/>
  <testcase classname="files.DynamicJson" name="addBook" time="0.309"/>
</testsuite> <!-- Default test -->
