<?xml version="1.0" encoding="UTF-8"?>
<testng-results ignored="0" total="3" passed="3" failed="0" skipped="0">
  <reporter-output>
  </reporter-output>
  <suite started-at="2024-12-01T14:29:41 IST" name="Default suite" finished-at="2024-12-01T14:29:48 IST" duration-ms="6854">
    <groups>
    </groups>
    <test started-at="2024-12-01T14:29:41 IST" name="Default test" finished-at="2024-12-01T14:29:48 IST" duration-ms="6854">
      <class name="files.DynamicJson">
        <test-method signature="addBook(java.lang.String,java.lang.String)[pri:0, instance:files.DynamicJson@692f203f]" started-at="2024-12-01T14:29:42 IST" name="addBook" data-provider="BooksData" finished-at="2024-12-01T14:29:48 IST" duration-ms="5963" status="PASS">
          <params>
            <param index="0">
              <value>
                <![CDATA[ojfwtya]]>
              </value>
            </param>
            <param index="1">
              <value>
                <![CDATA[93635]]>
              </value>
            </param>
          </params>
          <reporter-output>
          </reporter-output>
        </test-method> <!-- addBook -->
        <test-method signature="addBook(java.lang.String,java.lang.String)[pri:0, instance:files.DynamicJson@692f203f]" started-at="2024-12-01T14:29:48 IST" name="addBook" data-provider="BooksData" finished-at="2024-12-01T14:29:48 IST" duration-ms="324" status="PASS">
          <params>
            <param index="0">
              <value>
                <![CDATA[zcwetee]]>
              </value>
            </param>
            <param index="1">
              <value>
                <![CDATA[42253]]>
              </value>
            </param>
          </params>
          <reporter-output>
          </reporter-output>
        </test-method> <!-- addBook -->
        <test-method signature="addBook(java.lang.String,java.lang.String)[pri:0, instance:files.DynamicJson@692f203f]" started-at="2024-12-01T14:29:48 IST" name="addBook" data-provider="BooksData" finished-at="2024-12-01T14:29:48 IST" duration-ms="309" status="PASS">
          <params>
            <param index="0">
              <value>
                <![CDATA[pokmfet]]>
              </value>
            </param>
            <param index="1">
              <value>
                <![CDATA[53399]]>
              </value>
            </param>
          </params>
          <reporter-output>
          </reporter-output>
        </test-method> <!-- addBook -->
      </class> <!-- files.DynamicJson -->
    </test> <!-- Default test -->
  </suite> <!-- Default suite -->
</testng-results>
